<?xml version="1.0" encoding="UTF-8"?>
<testsuite xmlns:xsi="http://www.w3.org/2001/XMLSchema-instance" xsi:noNamespaceSchemaLocation="https://maven.apache.org/surefire/maven-surefire-plugin/xsd/surefire-test-report.xsd" name="org.neo4j.neo4jspringbootintegrationtests.domain.ThingRepositoryTest" time="12.65" tests="5" errors="0" skipped="0" failures="0">
  <properties>
[...]
</properties>
  <testcase name="shouldFindStandardEntity" classname="org.neo4j.neo4jspringbootintegrationtests.domain.ThingRepositoryTest" time="1.847"/>
  <testcase name="shouldFindQueryResults" classname="org.neo4j.neo4jspringbootintegrationtests.domain.ThingRepositoryTest" time="0.117"/>
  <testcase name="shouldLoadRelationships" classname="org.neo4j.neo4jspringbootintegrationtests.domain.ThingRepositoryTest" time="0.04"/>
  <testcase name="shouldFindClosedProjection" classname="org.neo4j.neo4jspringbootintegrationtests.domain.ThingRepositoryTest" time="0.023"/>
  <testcase name="shouldFindOpenProjection" classname="org.neo4j.neo4jspringbootintegrationtests.domain.ThingRepositoryTest" time="0.104"/>
</testsuite>